Vivado Simulator 2019.2
Copyright 1986-1999, 2001-2019 Xilinx, Inc. All Rights Reserved.
Running: D:/XilinxVivado/Vivado/2019.2/bin/unwrapped/win64.o/xelab.exe -wto c39436d1509d451ea658bb94326fcfd1 --incr --debug typical --relax --mt 2 -L xil_defaultlib -L secureip --snapshot tb_xnor_popcount_8_behav xil_defaultlib.tb_xnor_popcount_8 -log elaborate.log 
Using 2 slave threads.
Starting static elaboration
Completed static elaboration
Starting simulation data flow analysis
Completed simulation data flow analysis
Time Resolution for simulation is 1ps
Compiling package std.standard
Compiling package std.textio
Compiling package ieee.std_logic_1164
Compiling package ieee.numeric_std
Compiling package xil_defaultlib.common
Compiling architecture behavioral of entity xil_defaultlib.Popcount_4 [popcount_4_default]
Compiling architecture behavioral of entity xil_defaultlib.Full_Adder [full_adder_default]
Compiling architecture behavioral of entity xil_defaultlib.Ripple_Carry_Adder [ripple_carry_adder_default]
Compiling architecture behavioral of entity xil_defaultlib.Popcount_8 [popcount_8_default]
Compiling architecture behavioral of entity xil_defaultlib.xnor_popcount_8 [xnor_popcount_8_default]
Compiling architecture behavioral of entity xil_defaultlib.tb_xnor_popcount_8
Built simulation snapshot tb_xnor_popcount_8_behav
