INFO: [VRFC 10-163] Analyzing VHDL file "D:/VHL/Matricula/Intento_1/Intento_1.srcs/sources_1/new/Common.vhd" into library xil_defaultlib
INFO: [VRFC 10-163] Analyzing VHDL file "D:/VHL/Matricula/Intento_1/Intento_1.srcs/sources_1/new/Full_adder.vhd" into library xil_defaultlib
INFO: [VRFC 10-3107] analyzing entity 'Full_Adder'
INFO: [VRFC 10-163] Analyzing VHDL file "D:/VHL/Matricula/Intento_1/Intento_1.srcs/sources_1/new/Popcount_4.vhd" into library xil_defaultlib
INFO: [VRFC 10-3107] analyzing entity 'Popcount_4'
INFO: [VRFC 10-163] Analyzing VHDL file "D:/VHL/Matricula/Intento_1/Intento_1.srcs/sources_1/new/Popcount_8.vhd" into library xil_defaultlib
INFO: [VRFC 10-3107] analyzing entity 'Popcount_8'
INFO: [VRFC 10-163] Analyzing VHDL file "D:/VHL/Matricula/Intento_1/Intento_1.srcs/sources_1/new/Ripple_Carry_Adder.vhd" into library xil_defaultlib
INFO: [VRFC 10-3107] analyzing entity 'Ripple_Carry_Adder'
INFO: [VRFC 10-163] Analyzing VHDL file "D:/VHL/Matricula/Intento_1/Intento_1.srcs/sources_1/new/xnor_popcount_8.vhd" into library xil_defaultlib
INFO: [VRFC 10-3107] analyzing entity 'xnor_popcount_8'
WARNING: [VRFC 10-3093] actual for formal port 'input_vector' is neither a static name nor a globally static expression [D:/VHL/Matricula/Intento_1/Intento_1.srcs/sources_1/new/xnor_popcount_8.vhd:57]
WARNING: [VRFC 10-3093] actual for formal port 'input_vector' is neither a static name nor a globally static expression [D:/VHL/Matricula/Intento_1/Intento_1.srcs/sources_1/new/xnor_popcount_8.vhd:58]
WARNING: [VRFC 10-3093] actual for formal port 'input_vector' is neither a static name nor a globally static expression [D:/VHL/Matricula/Intento_1/Intento_1.srcs/sources_1/new/xnor_popcount_8.vhd:59]
WARNING: [VRFC 10-3093] actual for formal port 'input_vector' is neither a static name nor a globally static expression [D:/VHL/Matricula/Intento_1/Intento_1.srcs/sources_1/new/xnor_popcount_8.vhd:60]
WARNING: [VRFC 10-3093] actual for formal port 'input_vector' is neither a static name nor a globally static expression [D:/VHL/Matricula/Intento_1/Intento_1.srcs/sources_1/new/xnor_popcount_8.vhd:61]
WARNING: [VRFC 10-3093] actual for formal port 'input_vector' is neither a static name nor a globally static expression [D:/VHL/Matricula/Intento_1/Intento_1.srcs/sources_1/new/xnor_popcount_8.vhd:62]
WARNING: [VRFC 10-3093] actual for formal port 'input_vector' is neither a static name nor a globally static expression [D:/VHL/Matricula/Intento_1/Intento_1.srcs/sources_1/new/xnor_popcount_8.vhd:63]
WARNING: [VRFC 10-3093] actual for formal port 'input_vector' is neither a static name nor a globally static expression [D:/VHL/Matricula/Intento_1/Intento_1.srcs/sources_1/new/xnor_popcount_8.vhd:64]
INFO: [VRFC 10-163] Analyzing VHDL file "D:/VHL/Matricula/Intento_1/Intento_1.srcs/sim_1/new/tb_popcount_8.vhd" into library xil_defaultlib
INFO: [VRFC 10-3107] analyzing entity 'tb_xnor_popcount_8'
