#-----------------------------------------------------------
# Vivado v2019.2 (64-bit)
# SW Build 2708876 on Wed Nov  6 21:40:23 MST 2019
# IP Build 2700528 on Thu Nov  7 00:09:20 MST 2019
# Start of session at: Fri Dec  3 11:34:20 2021
# Process ID: 2356
# Current directory: D:/VHL/Matricula/Intento_1
# Command line: vivado.exe -gui_launcher_event rodinguilauncherevent1820 D:\VHL\Matricula\Intento_1\Intento_1.xpr
# Log file: D:/VHL/Matricula/Intento_1/vivado.log
# Journal file: D:/VHL/Matricula/Intento_1\vivado.jou
#-----------------------------------------------------------
start_gui
open_project D:/VHL/Matricula/Intento_1/Intento_1.xpr
Scanning sources...
Finished scanning sources
INFO: [IP_Flow 19-234] Refreshing IP repositories
INFO: [IP_Flow 19-1704] No user IP repositories specified
INFO: [IP_Flow 19-2313] Loaded Vivado IP repository 'D:/XilinxVivado/Vivado/2019.2/data/ip'.
open_project: Time (s): cpu = 00:00:17 ; elapsed = 00:00:38 . Memory (MB): peak = 845.984 ; gain = 241.555
update_compile_order -fileset sources_1
exit
INFO: [Common 17-206] Exiting Vivado at Fri Dec  3 11:36:32 2021...
