#-----------------------------------------------------------
# Vivado v2019.2 (64-bit)
# SW Build 2708876 on Wed Nov  6 21:40:23 MST 2019
# IP Build 2700528 on Thu Nov  7 00:09:20 MST 2019
# Start of session at: Tue Feb 23 21:16:55 2021
# Process ID: 3332
# Current directory: D:/VHL/Matricula/Intento_1
# Command line: vivado.exe -gui_launcher_event rodinguilauncherevent8304 D:\VHL\Matricula\Intento_1\Intento_1.xpr
# Log file: D:/VHL/Matricula/Intento_1/vivado.log
# Journal file: D:/VHL/Matricula/Intento_1\vivado.jou
#-----------------------------------------------------------
start_gui
open_project D:/VHL/Matricula/Intento_1/Intento_1.xpr
Scanning sources...
Finished scanning sources
INFO: [IP_Flow 19-234] Refreshing IP repositories
INFO: [IP_Flow 19-1704] No user IP repositories specified
INFO: [IP_Flow 19-2313] Loaded Vivado IP repository 'D:/XilinxVivado/Vivado/2019.2/data/ip'.
open_project: Time (s): cpu = 00:00:17 ; elapsed = 00:00:19 . Memory (MB): peak = 864.488 ; gain = 237.797
update_compile_order -fileset sources_1
reset_run synth_1
launch_runs synth_1 -jobs 4
[Tue Feb 23 21:38:04 2021] Launched synth_1...
Run output will be captured here: D:/VHL/Matricula/Intento_1/Intento_1.runs/synth_1/runme.log
launch_runs impl_1 -jobs 8
[Tue Feb 23 21:39:00 2021] Launched impl_1...
Run output will be captured here: D:/VHL/Matricula/Intento_1/Intento_1.runs/impl_1/runme.log
close [ open D:/VHL/Matricula/Intento_1/Intento_1.srcs/sources_1/new/MUX31_1.vhd w ]
add_files D:/VHL/Matricula/Intento_1/Intento_1.srcs/sources_1/new/MUX31_1.vhd
update_compile_order -fileset sources_1
close [ open D:/VHL/Matricula/Intento_1/Intento_1.srcs/sources_1/new/MUX_XNOR_POPCOUNT.vhd w ]
add_files D:/VHL/Matricula/Intento_1/Intento_1.srcs/sources_1/new/MUX_XNOR_POPCOUNT.vhd
update_compile_order -fileset sources_1
reset_run synth_1
launch_runs synth_1 -jobs 8
[Tue Feb 23 22:14:41 2021] Launched synth_1...
Run output will be captured here: D:/VHL/Matricula/Intento_1/Intento_1.runs/synth_1/runme.log
launch_runs impl_1 -jobs 8
[Tue Feb 23 22:15:16 2021] Launched impl_1...
Run output will be captured here: D:/VHL/Matricula/Intento_1/Intento_1.runs/impl_1/runme.log
exit
INFO: [Common 17-206] Exiting Vivado at Tue Feb 23 22:26:55 2021...
