#-----------------------------------------------------------
# Vivado v2019.2 (64-bit)
# SW Build 2708876 on Wed Nov  6 21:40:23 MST 2019
# IP Build 2700528 on Thu Nov  7 00:09:20 MST 2019
# Start of session at: Wed Feb 24 09:12:02 2021
# Process ID: 1740
# Current directory: D:/VHL/Matricula/Intento_1
# Command line: vivado.exe -gui_launcher_event rodinguilauncherevent14344 D:\VHL\Matricula\Intento_1\Intento_1.xpr
# Log file: D:/VHL/Matricula/Intento_1/vivado.log
# Journal file: D:/VHL/Matricula/Intento_1\vivado.jou
#-----------------------------------------------------------
start_gui
open_project D:/VHL/Matricula/Intento_1/Intento_1.xpr
Scanning sources...
Finished scanning sources
INFO: [IP_Flow 19-234] Refreshing IP repositories
INFO: [IP_Flow 19-1704] No user IP repositories specified
INFO: [IP_Flow 19-2313] Loaded Vivado IP repository 'D:/XilinxVivado/Vivado/2019.2/data/ip'.
open_project: Time (s): cpu = 00:00:16 ; elapsed = 00:00:20 . Memory (MB): peak = 872.289 ; gain = 257.090
update_compile_order -fileset sources_1
reset_run impl_1
launch_runs impl_1 -jobs 8
[Wed Feb 24 09:19:06 2021] Launched impl_1...
Run output will be captured here: D:/VHL/Matricula/Intento_1/Intento_1.runs/impl_1/runme.log
open_run impl_1
INFO: [Device 21-403] Loading part xc7a100tcsg324-1
Netlist sorting complete. Time (s): cpu = 00:00:00 ; elapsed = 00:00:00.001 . Memory (MB): peak = 1178.598 ; gain = 0.000
INFO: [Project 1-479] Netlist was created with Vivado 2019.2
INFO: [Project 1-570] Preparing netlist for logic optimization
Reading XDEF placement.
Reading placer database...
Reading XDEF routing.
Read XDEF File: Time (s): cpu = 00:00:00 ; elapsed = 00:00:00.064 . Memory (MB): peak = 1249.055 ; gain = 0.148
Restored from archive | CPU: 0.000000 secs | Memory: 0.000000 MB |
Finished XDEF File Restore: Time (s): cpu = 00:00:00 ; elapsed = 00:00:00.064 . Memory (MB): peak = 1249.055 ; gain = 0.148
Netlist sorting complete. Time (s): cpu = 00:00:00 ; elapsed = 00:00:00 . Memory (MB): peak = 1249.055 ; gain = 0.000
INFO: [Project 1-111] Unisim Transformation Summary:
No Unisim elements were transformed.

open_run: Time (s): cpu = 00:00:17 ; elapsed = 00:00:11 . Memory (MB): peak = 1393.117 ; gain = 484.887
WARNING: [Timing 38-313] There are no user specified timing constraints. Timing constraints are needed for proper timing analysis.
report_utilization -name utilization_1
exit
INFO: [Common 17-206] Exiting Vivado at Wed Feb 24 15:44:27 2021...
