#-----------------------------------------------------------
# Vivado v2019.2 (64-bit)
# SW Build 2708876 on Wed Nov  6 21:40:23 MST 2019
# IP Build 2700528 on Thu Nov  7 00:09:20 MST 2019
# Start of session at: Thu Mar  4 20:42:23 2021
# Process ID: 1940
# Current directory: D:/VHL/Matricula/POPCOUNTFINAL
# Command line: vivado.exe -gui_launcher_event rodinguilauncherevent4636 D:\VHL\Matricula\POPCOUNTFINAL\POPCOUNTFINAL.xpr
# Log file: D:/VHL/Matricula/POPCOUNTFINAL/vivado.log
# Journal file: D:/VHL/Matricula/POPCOUNTFINAL\vivado.jou
#-----------------------------------------------------------
start_gui
open_project D:/VHL/Matricula/POPCOUNTFINAL/POPCOUNTFINAL.xpr
Scanning sources...
Finished scanning sources
INFO: [IP_Flow 19-234] Refreshing IP repositories
INFO: [IP_Flow 19-1704] No user IP repositories specified
INFO: [IP_Flow 19-2313] Loaded Vivado IP repository 'D:/XilinxVivado/Vivado/2019.2/data/ip'.
open_project: Time (s): cpu = 00:00:14 ; elapsed = 00:00:07 . Memory (MB): peak = 916.984 ; gain = 271.363
update_compile_order -fileset sources_1
exit
INFO: [Common 17-206] Exiting Vivado at Thu Mar  4 20:47:44 2021...
